==230233== Memcheck, a memory error detector
==230233== Copyright (C) 2002-2017, and GNU GPL'd, by Julian Seward et al.
==230233== Using Valgrind-3.18.1 and LibVEX; rerun with -h for copyright info
==230233== Command: ./so_long maps/test.ber
==230233== Parent PID: 212279
==230233== 
==230233== Invalid read of size 8
==230233==    at 0x40286A8: strncmp (strcmp.S:172)
==230233==    by 0x400668D: is_dst (dl-load.c:216)
==230233==    by 0x400810E: _dl_dst_count (dl-load.c:253)
==230233==    by 0x400810E: expand_dynamic_string_token (dl-load.c:395)
==230233==    by 0x40082B7: fillin_rpath.isra.0 (dl-load.c:483)
==230233==    by 0x4008602: decompose_rpath (dl-load.c:654)
==230233==    by 0x400ABF5: cache_rpath (dl-load.c:696)
==230233==    by 0x400ABF5: cache_rpath (dl-load.c:677)
==230233==    by 0x400ABF5: _dl_map_object (dl-load.c:2165)
==230233==    by 0x4003494: openaux (dl-deps.c:64)
==230233==    by 0x4B33A97: _dl_catch_exception (dl-error-skeleton.c:208)
==230233==    by 0x4003C7B: _dl_map_object_deps (dl-deps.c:248)
==230233==    by 0x400EA0E: dl_open_worker_begin (dl-open.c:592)
==230233==    by 0x4B33A97: _dl_catch_exception (dl-error-skeleton.c:208)
==230233==    by 0x400DF99: dl_open_worker (dl-open.c:782)
==230233==  Address 0x4fd4529 is 9 bytes inside a block of size 15 alloc'd
==230233==    at 0x4848899: malloc (in /usr/libexec/valgrind/vgpreload_memcheck-amd64-linux.so)
==230233==    by 0x40271DF: malloc (rtld-malloc.h:56)
==230233==    by 0x40271DF: strdup (strdup.c:42)
==230233==    by 0x4008594: decompose_rpath (dl-load.c:629)
==230233==    by 0x400ABF5: cache_rpath (dl-load.c:696)
==230233==    by 0x400ABF5: cache_rpath (dl-load.c:677)
==230233==    by 0x400ABF5: _dl_map_object (dl-load.c:2165)
==230233==    by 0x4003494: openaux (dl-deps.c:64)
==230233==    by 0x4B33A97: _dl_catch_exception (dl-error-skeleton.c:208)
==230233==    by 0x4003C7B: _dl_map_object_deps (dl-deps.c:248)
==230233==    by 0x400EA0E: dl_open_worker_begin (dl-open.c:592)
==230233==    by 0x4B33A97: _dl_catch_exception (dl-error-skeleton.c:208)
==230233==    by 0x400DF99: dl_open_worker (dl-open.c:782)
==230233==    by 0x4B33A97: _dl_catch_exception (dl-error-skeleton.c:208)
==230233==    by 0x400E34D: _dl_open (dl-open.c:883)
==230233== 
==230233== Invalid read of size 8
==230233==    at 0x40286A8: strncmp (strcmp.S:172)
==230233==    by 0x400668D: is_dst (dl-load.c:216)
==230233==    by 0x4007F79: _dl_dst_substitute (dl-load.c:295)
==230233==    by 0x40082B7: fillin_rpath.isra.0 (dl-load.c:483)
==230233==    by 0x4008602: decompose_rpath (dl-load.c:654)
==230233==    by 0x400ABF5: cache_rpath (dl-load.c:696)
==230233==    by 0x400ABF5: cache_rpath (dl-load.c:677)
==230233==    by 0x400ABF5: _dl_map_object (dl-load.c:2165)
==230233==    by 0x4003494: openaux (dl-deps.c:64)
==230233==    by 0x4B33A97: _dl_catch_exception (dl-error-skeleton.c:208)
==230233==    by 0x4003C7B: _dl_map_object_deps (dl-deps.c:248)
==230233==    by 0x400EA0E: dl_open_worker_begin (dl-open.c:592)
==230233==    by 0x4B33A97: _dl_catch_exception (dl-error-skeleton.c:208)
==230233==    by 0x400DF99: dl_open_worker (dl-open.c:782)
==230233==  Address 0x4fd4529 is 9 bytes inside a block of size 15 alloc'd
==230233==    at 0x4848899: malloc (in /usr/libexec/valgrind/vgpreload_memcheck-amd64-linux.so)
==230233==    by 0x40271DF: malloc (rtld-malloc.h:56)
==230233==    by 0x40271DF: strdup (strdup.c:42)
==230233==    by 0x4008594: decompose_rpath (dl-load.c:629)
==230233==    by 0x400ABF5: cache_rpath (dl-load.c:696)
==230233==    by 0x400ABF5: cache_rpath (dl-load.c:677)
==230233==    by 0x400ABF5: _dl_map_object (dl-load.c:2165)
==230233==    by 0x4003494: openaux (dl-deps.c:64)
==230233==    by 0x4B33A97: _dl_catch_exception (dl-error-skeleton.c:208)
==230233==    by 0x4003C7B: _dl_map_object_deps (dl-deps.c:248)
==230233==    by 0x400EA0E: dl_open_worker_begin (dl-open.c:592)
==230233==    by 0x4B33A97: _dl_catch_exception (dl-error-skeleton.c:208)
==230233==    by 0x400DF99: dl_open_worker (dl-open.c:782)
==230233==    by 0x4B33A97: _dl_catch_exception (dl-error-skeleton.c:208)
==230233==    by 0x400E34D: _dl_open (dl-open.c:883)
==230233== 
==230233== 
==230233== HEAP SUMMARY:
==230233==     in use at exit: 313,841 bytes in 3,074 blocks
==230233==   total heap usage: 94,828 allocs, 91,754 frees, 27,334,090 bytes allocated
==230233== 
==230233== 0 bytes in 1 blocks are definitely lost in loss record 1 of 2,238
==230233==    at 0x4848899: malloc (in /usr/libexec/valgrind/vgpreload_memcheck-amd64-linux.so)
==230233==    by 0x4005A22: malloc (rtld-malloc.h:56)
==230233==    by 0x4005A22: _dl_find_object_update (dl-find_object.c:791)
==230233==    by 0x400ECCF: dl_open_worker_begin (dl-open.c:735)
==230233==    by 0x4B33A97: _dl_catch_exception (dl-error-skeleton.c:208)
==230233==    by 0x400DF99: dl_open_worker (dl-open.c:782)
==230233==    by 0x4B33A97: _dl_catch_exception (dl-error-skeleton.c:208)
==230233==    by 0x400E34D: _dl_open (dl-open.c:883)
==230233==    by 0x4A4F63B: dlopen_doit (dlopen.c:56)
==230233==    by 0x4B33A97: _dl_catch_exception (dl-error-skeleton.c:208)
==230233==    by 0x4B33B62: _dl_catch_error (dl-error-skeleton.c:227)
==230233==    by 0x4A4F12D: _dlerror_run (dlerror.c:138)
==230233==    by 0x4A4F6C7: dlopen_implementation (dlopen.c:71)
==230233==    by 0x4A4F6C7: dlopen@@GLIBC_2.34 (dlopen.c:81)
==230233== 
==230233== LEAK SUMMARY:
==230233==    definitely lost: 0 bytes in 1 blocks
==230233==    indirectly lost: 0 bytes in 0 blocks
==230233==      possibly lost: 0 bytes in 0 blocks
==230233==    still reachable: 313,841 bytes in 3,073 blocks
==230233==         suppressed: 0 bytes in 0 blocks
==230233== Reachable blocks (those to which a pointer was found) are not shown.
==230233== To see them, rerun with: --leak-check=full --show-leak-kinds=all
==230233== 
==230233== For lists of detected and suppressed errors, rerun with: -s
==230233== ERROR SUMMARY: 3 errors from 3 contexts (suppressed: 0 from 0)
